<?xml version="1.0" encoding="UTF-8" standalone="yes"?><!DOCTYPE report PUBLIC "-//JACOCO//DTD Report 1.1//EN" "report.dtd"><report name="FotoRenamer - rename your photos automatically"><sessioninfo id="mushin-d5ee1c9" start="1725005209254" dump="1725005210686"/><package name="de/aikiit/fotorenamer/image"><class name="de/aikiit/fotorenamer/image/CreationDateFromExifImageRenamer" sourcefilename="CreationDateFromExifImageRenamer.java"><method name="&lt;init&gt;" desc="(Ljava/lang/String;)V" line="57"><counter type="INSTRUCTION" missed="4" covered="0"/><counter type="LINE" missed="2" covered="0"/><counter type="COMPLEXITY" missed="1" covered="0"/><counter type="METHOD" missed="1" covered="0"/></method><method name="renameImage" desc="(Ljava/io/File;)Ljava/lang/String;" line="72"><counter type="INSTRUCTION" missed="19" covered="0"/><counter type="LINE" missed="8" covered="0"/><counter type="COMPLEXITY" missed="1" covered="0"/><counter type="METHOD" missed="1" covered="0"/></method><method name="&lt;clinit&gt;" desc="()V" line="43"><counter type="INSTRUCTION" missed="0" covered="4"/><counter type="LINE" missed="0" covered="2"/><counter type="COMPLEXITY" missed="0" covered="1"/><counter type="METHOD" missed="0" covered="1"/></method><counter type="INSTRUCTION" missed="23" covered="4"/><counter type="LINE" missed="10" covered="2"/><counter type="COMPLEXITY" missed="2" covered="1"/><counter type="METHOD" missed="2" covered="1"/><counter type="CLASS" missed="0" covered="1"/></class><class name="de/aikiit/fotorenamer/image/AbstractImageRenamer" sourcefilename="AbstractImageRenamer.java"><method name="&lt;init&gt;" desc="(Ljava/lang/String;)V" line="59"><counter type="INSTRUCTION" missed="44" covered="21"/><counter type="BRANCH" missed="7" covered="1"/><counter type="LINE" missed="9" covered="7"/><counter type="COMPLEXITY" missed="4" covered="1"/><counter type="METHOD" missed="0" covered="1"/></method><method name="renameFiles" desc="()V" line="108"><counter type="INSTRUCTION" missed="19" covered="0"/><counter type="LINE" missed="5" covered="0"/><counter type="COMPLEXITY" missed="1" covered="0"/><counter type="METHOD" missed="1" covered="0"/></method><method name="run" desc="()V" line="149"><counter type="INSTRUCTION" missed="100" covered="0"/><counter type="BRANCH" missed="3" covered="0"/><counter type="LINE" missed="16" covered="0"/><counter type="COMPLEXITY" missed="3" covered="0"/><counter type="METHOD" missed="1" covered="0"/></method><method name="lambda$renameFiles$1" desc="(Ljava/io/File;)Z" line="126"><counter type="INSTRUCTION" missed="9" covered="0"/><counter type="BRANCH" missed="4" covered="0"/><counter type="LINE" missed="1" covered="0"/><counter type="COMPLEXITY" missed="3" covered="0"/><counter type="METHOD" missed="1" covered="0"/></method><method name="lambda$renameFiles$0" desc="(Ljava/io/File;)V" line="112"><counter type="INSTRUCTION" missed="37" covered="0"/><counter type="LINE" missed="9" covered="0"/><counter type="COMPLEXITY" missed="1" covered="0"/><counter type="METHOD" missed="1" covered="0"/></method><method name="&lt;clinit&gt;" desc="()V" line="54"><counter type="INSTRUCTION" missed="0" covered="4"/><counter type="LINE" missed="0" covered="1"/><counter type="COMPLEXITY" missed="0" covered="1"/><counter type="METHOD" missed="0" covered="1"/></method><counter type="INSTRUCTION" missed="209" covered="25"/><counter type="BRANCH" missed="14" covered="1"/><counter type="LINE" missed="39" covered="8"/><counter type="COMPLEXITY" missed="12" covered="2"/><counter type="METHOD" missed="4" covered="2"/><counter type="CLASS" missed="0" covered="1"/></class><class name="de/aikiit/fotorenamer/image/MetaDataExtractor" sourcefilename="MetaDataExtractor.java"><method name="getExifMetadata" desc="(Ljava/io/File;Lorg/apache/commons/imaging/formats/tiff/taginfos/TagInfo;)Ljava/lang/String;" line="89"><counter type="INSTRUCTION" missed="2" covered="55"/><counter type="BRANCH" missed="3" covered="7"/><counter type="LINE" missed="0" covered="11"/><counter type="COMPLEXITY" missed="3" covered="3"/><counter type="METHOD" missed="0" covered="1"/></method><method name="generateCreationDateInCorrectFormat" desc="(Ljava/io/File;)Ljava/lang/String;" line="138"><counter type="INSTRUCTION" missed="12" covered="67"/><counter type="BRANCH" missed="2" covered="2"/><counter type="LINE" missed="2" covered="11"/><counter type="COMPLEXITY" missed="2" covered="1"/><counter type="METHOD" missed="0" covered="1"/></method><method name="&lt;clinit&gt;" desc="()V" line="38"><counter type="INSTRUCTION" missed="0" covered="4"/><counter type="LINE" missed="0" covered="1"/><counter type="COMPLEXITY" missed="0" covered="1"/><counter type="METHOD" missed="0" covered="1"/></method><counter type="INSTRUCTION" missed="14" covered="126"/><counter type="BRANCH" missed="5" covered="9"/><counter type="LINE" missed="2" covered="23"/><counter type="COMPLEXITY" missed="5" covered="5"/><counter type="METHOD" missed="0" covered="3"/><counter type="CLASS" missed="0" covered="1"/></class><class name="de/aikiit/fotorenamer/image/ImageFilenameFilter" sourcefilename="ImageFilenameFilter.java"><method name="&lt;init&gt;" desc="()V" line="32"><counter type="INSTRUCTION" missed="0" covered="3"/><counter type="LINE" missed="0" covered="1"/><counter type="COMPLEXITY" missed="0" covered="1"/><counter type="METHOD" missed="0" covered="1"/></method><method name="accept" desc="(Ljava/io/File;Ljava/lang/String;)Z" line="45"><counter type="INSTRUCTION" missed="12" covered="7"/><counter type="BRANCH" missed="5" covered="3"/><counter type="LINE" missed="0" covered="1"/><counter type="COMPLEXITY" missed="3" covered="2"/><counter type="METHOD" missed="0" covered="1"/></method><method name="isSuffixExifExtractable" desc="(Ljava/lang/String;)Z" line="49"><counter type="INSTRUCTION" missed="33" covered="0"/><counter type="BRANCH" missed="6" covered="0"/><counter type="LINE" missed="7" covered="0"/><counter type="COMPLEXITY" missed="4" covered="0"/><counter type="METHOD" missed="1" covered="0"/></method><method name="&lt;clinit&gt;" desc="()V" line="34"><counter type="INSTRUCTION" missed="0" covered="17"/><counter type="LINE" missed="0" covered="1"/><counter type="COMPLEXITY" missed="0" covered="1"/><counter type="METHOD" missed="0" covered="1"/></method><counter type="INSTRUCTION" missed="45" covered="27"/><counter type="BRANCH" missed="11" covered="3"/><counter type="LINE" missed="7" covered="3"/><counter type="COMPLEXITY" missed="7" covered="4"/><counter type="METHOD" missed="1" covered="3"/><counter type="CLASS" missed="0" covered="1"/></class><class name="de/aikiit/fotorenamer/image/RemoveExifPrefixRenamer" sourcefilename="RemoveExifPrefixRenamer.java"><method name="&lt;init&gt;" desc="(Ljava/lang/String;)V" line="53"><counter type="INSTRUCTION" missed="28" covered="0"/><counter type="LINE" missed="8" covered="0"/><counter type="COMPLEXITY" missed="1" covered="0"/><counter type="METHOD" missed="1" covered="0"/></method><method name="rename" desc="()V" line="80"><counter type="INSTRUCTION" missed="84" covered="0"/><counter type="BRANCH" missed="8" covered="0"/><counter type="LINE" missed="15" covered="0"/><counter type="COMPLEXITY" missed="5" covered="0"/><counter type="METHOD" missed="1" covered="0"/></method><method name="checkInputAndInitialize" desc="()V" line="116"><counter type="INSTRUCTION" missed="43" covered="0"/><counter type="BRANCH" missed="8" covered="0"/><counter type="LINE" missed="7" covered="0"/><counter type="COMPLEXITY" missed="5" covered="0"/><counter type="METHOD" missed="1" covered="0"/></method><method name="run" desc="()V" line="138"><counter type="INSTRUCTION" missed="88" covered="0"/><counter type="BRANCH" missed="3" covered="0"/><counter type="LINE" missed="16" covered="0"/><counter type="COMPLEXITY" missed="3" covered="0"/><counter type="METHOD" missed="1" covered="0"/></method><method name="&lt;clinit&gt;" desc="()V" line="44"><counter type="INSTRUCTION" missed="4" covered="0"/><counter type="LINE" missed="2" covered="0"/><counter type="COMPLEXITY" missed="1" covered="0"/><counter type="METHOD" missed="1" covered="0"/></method><counter type="INSTRUCTION" missed="247" covered="0"/><counter type="BRANCH" missed="19" covered="0"/><counter type="LINE" missed="48" covered="0"/><counter type="COMPLEXITY" missed="15" covered="0"/><counter type="METHOD" missed="5" covered="0"/><counter type="CLASS" missed="1" covered="0"/></class><sourcefile name="CreationDateFromExifImageRenamer.java"><line nr="43" mi="0" ci="2" mb="0" cb="0"/><line nr="44" mi="0" ci="2" mb="0" cb="0"/><line nr="57" mi="3" ci="0" mb="0" cb="0"/><line nr="58" mi="1" ci="0" mb="0" cb="0"/><line nr="72" mi="3" ci="0" mb="0" cb="0"/><line nr="73" mi="3" ci="0" mb="0" cb="0"/><line nr="76" mi="3" ci="0" mb="0" cb="0"/><line nr="77" mi="1" ci="0" mb="0" cb="0"/><line nr="78" mi="4" ci="0" mb="0" cb="0"/><line nr="79" mi="2" ci="0" mb="0" cb="0"/><line nr="80" mi="1" ci="0" mb="0" cb="0"/><line nr="82" mi="2" ci="0" mb="0" cb="0"/><counter type="INSTRUCTION" missed="23" covered="4"/><counter type="LINE" missed="10" covered="2"/><counter type="COMPLEXITY" missed="2" covered="1"/><counter type="METHOD" missed="2" covered="1"/><counter type="CLASS" missed="0" covered="1"/></sourcefile><sourcefile name="AbstractImageRenamer.java"><line nr="54" mi="0" ci="4" mb="0" cb="0"/><line nr="59" mi="0" ci="3" mb="0" cb="0"/><line nr="63" mi="0" ci="3" mb="0" cb="0"/><line nr="68" mi="0" ci="3" mb="0" cb="0"/><line nr="72" mi="0" ci="3" mb="0" cb="0"/><line nr="84" mi="0" ci="2" mb="0" cb="0"/><line nr="86" mi="0" ci="2" mb="1" cb="1"/><line nr="87" mi="0" ci="5" mb="0" cb="0"/><line nr="90" mi="6" ci="0" mb="0" cb="0"/><line nr="91" mi="4" ci="0" mb="2" cb="0"/><line nr="92" mi="6" ci="0" mb="0" cb="0"/><line nr="96" mi="7" ci="0" mb="0" cb="0"/><line nr="97" mi="5" ci="0" mb="4" cb="0"/><line nr="98" mi="6" ci="0" mb="0" cb="0"/><line nr="100" mi="4" ci="0" mb="0" cb="0"/><line nr="101" mi="5" ci="0" mb="0" cb="0"/><line nr="102" mi="1" ci="0" mb="0" cb="0"/><line nr="108" mi="6" ci="0" mb="0" cb="0"/><line nr="110" mi="3" ci="0" mb="0" cb="0"/><line nr="112" mi="4" ci="0" mb="0" cb="0"/><line nr="115" mi="3" ci="0" mb="0" cb="0"/><line nr="116" mi="5" ci="0" mb="0" cb="0"/><line nr="117" mi="3" ci="0" mb="0" cb="0"/><line nr="121" mi="13" ci="0" mb="0" cb="0"/><line nr="122" mi="1" ci="0" mb="0" cb="0"/><line nr="123" mi="6" ci="0" mb="0" cb="0"/><line nr="124" mi="1" ci="0" mb="0" cb="0"/><line nr="125" mi="1" ci="0" mb="0" cb="0"/><line nr="126" mi="11" ci="0" mb="4" cb="0"/><line nr="128" mi="7" ci="0" mb="0" cb="0"/><line nr="129" mi="1" ci="0" mb="0" cb="0"/><line nr="149" mi="7" ci="0" mb="0" cb="0"/><line nr="152" mi="2" ci="0" mb="0" cb="0"/><line nr="153" mi="1" ci="0" mb="0" cb="0"/><line nr="154" mi="18" ci="0" mb="0" cb="0"/><line nr="156" mi="3" ci="0" mb="0" cb="0"/><line nr="158" mi="3" ci="0" mb="0" cb="0"/><line nr="162" mi="4" ci="0" mb="0" cb="0"/><line nr="163" mi="3" ci="0" mb="3" cb="0"/><line nr="165" mi="13" ci="0" mb="0" cb="0"/><line nr="166" mi="1" ci="0" mb="0" cb="0"/><line nr="168" mi="13" ci="0" mb="0" cb="0"/><line nr="169" mi="1" ci="0" mb="0" cb="0"/><line nr="171" mi="19" ci="0" mb="0" cb="0"/><line nr="175" mi="4" ci="0" mb="0" cb="0"/><line nr="176" mi="7" ci="0" mb="0" cb="0"/><line nr="177" mi="1" ci="0" mb="0" cb="0"/><counter type="INSTRUCTION" missed="209" covered="25"/><counter type="BRANCH" missed="14" covered="1"/><counter type="LINE" missed="39" covered="8"/><counter type="COMPLEXITY" missed="12" covered="2"/><counter type="METHOD" missed="4" covered="2"/><counter type="CLASS" missed="0" covered="1"/></sourcefile><sourcefile name="ImageFilenameFilter.java"><line nr="32" mi="0" ci="3" mb="0" cb="0"/><line nr="34" mi="0" ci="17" mb="0" cb="0"/><line nr="45" mi="12" ci="7" mb="5" cb="3"/><line nr="49" mi="3" ci="0" mb="2" cb="0"/><line nr="50" mi="4" ci="0" mb="0" cb="0"/><line nr="51" mi="10" ci="0" mb="2" cb="0"/><line nr="52" mi="11" ci="0" mb="2" cb="0"/><line nr="53" mi="2" ci="0" mb="0" cb="0"/><line nr="55" mi="1" ci="0" mb="0" cb="0"/><line nr="57" mi="2" ci="0" mb="0" cb="0"/><counter type="INSTRUCTION" missed="45" covered="27"/><counter type="BRANCH" missed="11" covered="3"/><counter type="LINE" missed="7" covered="3"/><counter type="COMPLEXITY" missed="7" covered="4"/><counter type="METHOD" missed="1" covered="3"/><counter type="CLASS" missed="0" covered="1"/></sourcefile><sourcefile name="RemoveExifPrefixRenamer.java"><line nr="44" mi="2" ci="0" mb="0" cb="0"/><line nr="45" mi="2" ci="0" mb="0" cb="0"/><line nr="53" mi="3" ci="0" mb="0" cb="0"/><line nr="54" mi="3" ci="0" mb="0" cb="0"/><line nr="55" mi="6" ci="0" mb="0" cb="0"/><line nr="66" mi="2" ci="0" mb="0" cb="0"/><line nr="67" mi="6" ci="0" mb="0" cb="0"/><line nr="68" mi="2" ci="0" mb="0" cb="0"/><line nr="69" mi="5" ci="0" mb="0" cb="0"/><line nr="70" mi="1" ci="0" mb="0" cb="0"/><line nr="80" mi="11" ci="0" mb="2" cb="0"/><line nr="81" mi="4" ci="0" mb="0" cb="0"/><line nr="82" mi="5" ci="0" mb="0" cb="0"/><line nr="85" mi="4" ci="0" mb="2" cb="0"/><line nr="86" mi="4" ci="0" mb="0" cb="0"/><line nr="90" mi="3" ci="0" mb="0" cb="0"/><line nr="91" mi="4" ci="0" mb="0" cb="0"/><line nr="92" mi="3" ci="0" mb="0" cb="0"/><line nr="95" mi="12" ci="0" mb="4" cb="0"/><line nr="96" mi="8" ci="0" mb="0" cb="0"/><line nr="98" mi="11" ci="0" mb="0" cb="0"/><line nr="99" mi="11" ci="0" mb="0" cb="0"/><line nr="100" mi="2" ci="0" mb="0" cb="0"/><line nr="102" mi="1" ci="0" mb="0" cb="0"/><line nr="103" mi="1" ci="0" mb="0" cb="0"/><line nr="116" mi="7" ci="0" mb="4" cb="0"/><line nr="117" mi="13" ci="0" mb="0" cb="0"/><line nr="120" mi="7" ci="0" mb="0" cb="0"/><line nr="124" mi="5" ci="0" mb="4" cb="0"/><line nr="125" mi="6" ci="0" mb="0" cb="0"/><line nr="128" mi="4" ci="0" mb="0" cb="0"/><line nr="129" mi="1" ci="0" mb="0" cb="0"/><line nr="138" mi="8" ci="0" mb="0" cb="0"/><line nr="141" mi="2" ci="0" mb="0" cb="0"/><line nr="142" mi="1" ci="0" mb="0" cb="0"/><line nr="143" mi="12" ci="0" mb="0" cb="0"/><line nr="144" mi="2" ci="0" mb="0" cb="0"/><line nr="146" mi="1" ci="0" mb="0" cb="0"/><line nr="147" mi="1" ci="0" mb="0" cb="0"/><line nr="148" mi="3" ci="0" mb="0" cb="0"/><line nr="151" mi="4" ci="0" mb="3" cb="0"/><line nr="153" mi="11" ci="0" mb="0" cb="0"/><line nr="154" mi="1" ci="0" mb="0" cb="0"/><line nr="156" mi="11" ci="0" mb="0" cb="0"/><line nr="157" mi="1" ci="0" mb="0" cb="0"/><line nr="159" mi="23" ci="0" mb="0" cb="0"/><line nr="162" mi="6" ci="0" mb="0" cb="0"/><line nr="164" mi="1" ci="0" mb="0" cb="0"/><counter type="INSTRUCTION" missed="247" covered="0"/><counter type="BRANCH" missed="19" covered="0"/><counter type="LINE" missed="48" covered="0"/><counter type="COMPLEXITY" missed="15" covered="0"/><counter type="METHOD" missed="5" covered="0"/><counter type="CLASS" missed="1" covered="0"/></sourcefile><sourcefile name="MetaDataExtractor.java"><line nr="38" mi="0" ci="4" mb="0" cb="0"/><line nr="89" mi="0" ci="8" mb="0" cb="2"/><line nr="90" mi="0" ci="8" mb="0" cb="2"/><line nr="92" mi="0" ci="2" mb="0" cb="0"/><line nr="93" mi="0" ci="3" mb="0" cb="0"/><line nr="95" mi="0" ci="3" mb="1" cb="1"/><line nr="96" mi="0" ci="3" mb="0" cb="0"/><line nr="97" mi="0" ci="4" mb="0" cb="0"/><line nr="98" mi="0" ci="2" mb="1" cb="1"/><line nr="99" mi="0" ci="3" mb="0" cb="0"/><line nr="100" mi="0" ci="15" mb="0" cb="0"/><line nr="104" mi="2" ci="4" mb="1" cb="1"/><line nr="138" mi="0" ci="2" mb="0" cb="0"/><line nr="139" mi="0" ci="2" mb="0" cb="0"/><line nr="141" mi="0" ci="10" mb="0" cb="0"/><line nr="144" mi="0" ci="7" mb="2" cb="2"/><line nr="145" mi="10" ci="0" mb="0" cb="0"/><line nr="146" mi="2" ci="0" mb="0" cb="0"/><line nr="153" mi="0" ci="5" mb="0" cb="0"/><line nr="154" mi="0" ci="5" mb="0" cb="0"/><line nr="155" mi="0" ci="5" mb="0" cb="0"/><line nr="156" mi="0" ci="9" mb="0" cb="0"/><line nr="158" mi="0" ci="10" mb="0" cb="0"/><line nr="160" mi="0" ci="10" mb="0" cb="0"/><line nr="161" mi="0" ci="2" mb="0" cb="0"/><counter type="INSTRUCTION" missed="14" covered="126"/><counter type="BRANCH" missed="5" covered="9"/><counter type="LINE" missed="2" covered="23"/><counter type="COMPLEXITY" missed="5" covered="5"/><counter type="METHOD" missed="0" covered="3"/><counter type="CLASS" missed="0" covered="1"/></sourcefile><counter type="INSTRUCTION" missed="538" covered="182"/><counter type="BRANCH" missed="49" covered="13"/><counter type="LINE" missed="106" covered="36"/><counter type="COMPLEXITY" missed="41" covered="12"/><counter type="METHOD" missed="12" covered="9"/><counter type="CLASS" missed="1" covered="4"/></package><package name="de/aikiit/fotorenamer/exception"><class name="de/aikiit/fotorenamer/exception/RenamingErrorException" sourcefilename="RenamingErrorException.java"><method name="&lt;init&gt;" desc="(Ljava/lang/String;)V" line="39"><counter type="INSTRUCTION" missed="0" covered="14"/><counter type="LINE" missed="0" covered="3"/><counter type="COMPLEXITY" missed="0" covered="1"/><counter type="METHOD" missed="0" covered="1"/></method><method name="&lt;clinit&gt;" desc="()V" line="29"><counter type="INSTRUCTION" missed="0" covered="4"/><counter type="LINE" missed="0" covered="2"/><counter type="COMPLEXITY" missed="0" covered="1"/><counter type="METHOD" missed="0" covered="1"/></method><counter type="INSTRUCTION" missed="0" covered="18"/><counter type="LINE" missed="0" covered="5"/><counter type="COMPLEXITY" missed="0" covered="2"/><counter type="METHOD" missed="0" covered="2"/><counter type="CLASS" missed="0" covered="1"/></class><class name="de/aikiit/fotorenamer/exception/NoFilesFoundException" sourcefilename="NoFilesFoundException.java"><method name="&lt;init&gt;" desc="(Ljava/io/File;)V" line="44"><counter type="INSTRUCTION" missed="3" covered="17"/><counter type="BRANCH" missed="1" covered="1"/><counter type="LINE" missed="0" covered="3"/><counter type="COMPLEXITY" missed="1" covered="1"/><counter type="METHOD" missed="0" covered="1"/></method><method name="&lt;clinit&gt;" desc="()V" line="35"><counter type="INSTRUCTION" missed="0" covered="4"/><counter type="LINE" missed="0" covered="2"/><counter type="COMPLEXITY" missed="0" covered="1"/><counter type="METHOD" missed="0" covered="1"/></method><counter type="INSTRUCTION" missed="3" covered="21"/><counter type="BRANCH" missed="1" covered="1"/><counter type="LINE" missed="0" covered="5"/><counter type="COMPLEXITY" missed="1" covered="2"/><counter type="METHOD" missed="0" covered="2"/><counter type="CLASS" missed="0" covered="1"/></class><class name="de/aikiit/fotorenamer/exception/InvalidDirectoryException" sourcefilename="InvalidDirectoryException.java"><method name="&lt;init&gt;" desc="(Ljava/lang/String;)V" line="40"><counter type="INSTRUCTION" missed="0" covered="14"/><counter type="LINE" missed="0" covered="3"/><counter type="COMPLEXITY" missed="0" covered="1"/><counter type="METHOD" missed="0" covered="1"/></method><method name="&lt;init&gt;" desc="(Ljava/io/File;)V" line="50"><counter type="INSTRUCTION" missed="0" covered="15"/><counter type="LINE" missed="0" covered="3"/><counter type="COMPLEXITY" missed="0" covered="1"/><counter type="METHOD" missed="0" covered="1"/></method><method name="&lt;clinit&gt;" desc="()V" line="32"><counter type="INSTRUCTION" missed="0" covered="4"/><counter type="LINE" missed="0" covered="2"/><counter type="COMPLEXITY" missed="0" covered="1"/><counter type="METHOD" missed="0" covered="1"/></method><counter type="INSTRUCTION" missed="0" covered="33"/><counter type="LINE" missed="0" covered="8"/><counter type="COMPLEXITY" missed="0" covered="3"/><counter type="METHOD" missed="0" covered="3"/><counter type="CLASS" missed="0" covered="1"/></class><sourcefile name="InvalidDirectoryException.java"><line nr="32" mi="0" ci="2" mb="0" cb="0"/><line nr="33" mi="0" ci="2" mb="0" cb="0"/><line nr="40" mi="0" ci="3" mb="0" cb="0"/><line nr="41" mi="0" ci="10" mb="0" cb="0"/><line nr="42" mi="0" ci="1" mb="0" cb="0"/><line nr="50" mi="0" ci="4" mb="0" cb="0"/><line nr="51" mi="0" ci="10" mb="0" cb="0"/><line nr="52" mi="0" ci="1" mb="0" cb="0"/><counter type="INSTRUCTION" missed="0" covered="33"/><counter type="LINE" missed="0" covered="8"/><counter type="COMPLEXITY" missed="0" covered="3"/><counter type="METHOD" missed="0" covered="3"/><counter type="CLASS" missed="0" covered="1"/></sourcefile><sourcefile name="NoFilesFoundException.java"><line nr="35" mi="0" ci="2" mb="0" cb="0"/><line nr="36" mi="0" ci="2" mb="0" cb="0"/><line nr="44" mi="3" ci="6" mb="1" cb="1"/><line nr="45" mi="0" ci="10" mb="0" cb="0"/><line nr="46" mi="0" ci="1" mb="0" cb="0"/><counter type="INSTRUCTION" missed="3" covered="21"/><counter type="BRANCH" missed="1" covered="1"/><counter type="LINE" missed="0" covered="5"/><counter type="COMPLEXITY" missed="1" covered="2"/><counter type="METHOD" missed="0" covered="2"/><counter type="CLASS" missed="0" covered="1"/></sourcefile><sourcefile name="RenamingErrorException.java"><line nr="29" mi="0" ci="2" mb="0" cb="0"/><line nr="30" mi="0" ci="2" mb="0" cb="0"/><line nr="39" mi="0" ci="3" mb="0" cb="0"/><line nr="40" mi="0" ci="10" mb="0" cb="0"/><line nr="41" mi="0" ci="1" mb="0" cb="0"/><counter type="INSTRUCTION" missed="0" covered="18"/><counter type="LINE" missed="0" covered="5"/><counter type="COMPLEXITY" missed="0" covered="2"/><counter type="METHOD" missed="0" covered="2"/><counter type="CLASS" missed="0" covered="1"/></sourcefile><counter type="INSTRUCTION" missed="3" covered="72"/><counter type="BRANCH" missed="1" covered="1"/><counter type="LINE" missed="0" covered="18"/><counter type="COMPLEXITY" missed="1" covered="7"/><counter type="METHOD" missed="0" covered="7"/><counter type="CLASS" missed="0" covered="3"/></package><package name="de/aikiit/fotorenamer"><class name="de/aikiit/fotorenamer/ApplicationStarter" sourcefilename="ApplicationStarter.java"><method name="main" desc="([Ljava/lang/String;)V" line="45"><counter type="INSTRUCTION" missed="10" covered="0"/><counter type="LINE" missed="7" covered="0"/><counter type="COMPLEXITY" missed="1" covered="0"/><counter type="METHOD" missed="1" covered="0"/></method><method name="&lt;clinit&gt;" desc="()V" line="36"><counter type="INSTRUCTION" missed="4" covered="0"/><counter type="LINE" missed="1" covered="0"/><counter type="COMPLEXITY" missed="1" covered="0"/><counter type="METHOD" missed="1" covered="0"/></method><counter type="INSTRUCTION" missed="14" covered="0"/><counter type="LINE" missed="8" covered="0"/><counter type="COMPLEXITY" missed="2" covered="0"/><counter type="METHOD" missed="2" covered="0"/><counter type="CLASS" missed="1" covered="0"/></class><sourcefile name="ApplicationStarter.java"><line nr="36" mi="4" ci="0" mb="0" cb="0"/><line nr="45" mi="1" ci="0" mb="0" cb="0"/><line nr="46" mi="1" ci="0" mb="0" cb="0"/><line nr="47" mi="1" ci="0" mb="0" cb="0"/><line nr="48" mi="4" ci="0" mb="0" cb="0"/><line nr="49" mi="1" ci="0" mb="0" cb="0"/><line nr="50" mi="1" ci="0" mb="0" cb="0"/><line nr="51" mi="1" ci="0" mb="0" cb="0"/><counter type="INSTRUCTION" missed="14" covered="0"/><counter type="LINE" missed="8" covered="0"/><counter type="COMPLEXITY" missed="2" covered="0"/><counter type="METHOD" missed="2" covered="0"/><counter type="CLASS" missed="1" covered="0"/></sourcefile><counter type="INSTRUCTION" missed="14" covered="0"/><counter type="LINE" missed="8" covered="0"/><counter type="COMPLEXITY" missed="2" covered="0"/><counter type="METHOD" missed="2" covered="0"/><counter type="CLASS" missed="1" covered="0"/></package><package name="de/aikiit/fotorenamer/util"><class name="de/aikiit/fotorenamer/util/ComponentGaugeUtil" sourcefilename="ComponentGaugeUtil.java"><method name="makeCentered" desc="(Ljava/awt/Component;)V" line="47"><counter type="INSTRUCTION" missed="28" covered="0"/><counter type="LINE" missed="7" covered="0"/><counter type="COMPLEXITY" missed="1" covered="0"/><counter type="METHOD" missed="1" covered="0"/></method><method name="createImageIcon" desc="(Ljava/lang/String;)Ljavax/swing/ImageIcon;" line="63"><counter type="INSTRUCTION" missed="33" covered="0"/><counter type="BRANCH" missed="4" covered="0"/><counter type="LINE" missed="8" covered="0"/><counter type="COMPLEXITY" missed="3" covered="0"/><counter type="METHOD" missed="1" covered="0"/></method><method name="&lt;clinit&gt;" desc="()V" line="38"><counter type="INSTRUCTION" missed="4" covered="0"/><counter type="LINE" missed="2" covered="0"/><counter type="COMPLEXITY" missed="1" covered="0"/><counter type="METHOD" missed="1" covered="0"/></method><counter type="INSTRUCTION" missed="65" covered="0"/><counter type="BRANCH" missed="4" covered="0"/><counter type="LINE" missed="17" covered="0"/><counter type="COMPLEXITY" missed="5" covered="0"/><counter type="METHOD" missed="3" covered="0"/><counter type="CLASS" missed="1" covered="0"/></class><class name="de/aikiit/fotorenamer/util/Version" sourcefilename="Version.java"><method name="&lt;init&gt;" desc="()V" line="20"><counter type="INSTRUCTION" missed="3" covered="0"/><counter type="LINE" missed="1" covered="0"/><counter type="COMPLEXITY" missed="1" covered="0"/><counter type="METHOD" missed="1" covered="0"/></method><counter type="INSTRUCTION" missed="3" covered="0"/><counter type="LINE" missed="1" covered="0"/><counter type="COMPLEXITY" missed="1" covered="0"/><counter type="METHOD" missed="1" covered="0"/><counter type="CLASS" missed="1" covered="0"/></class><class name="de/aikiit/fotorenamer/util/LocalizationHelper" sourcefilename="LocalizationHelper.java"><method name="setLocale" desc="()V" line="63"><counter type="INSTRUCTION" missed="0" covered="56"/><counter type="BRANCH" missed="1" covered="3"/><counter type="LINE" missed="0" covered="12"/><counter type="COMPLEXITY" missed="1" covered="2"/><counter type="METHOD" missed="0" covered="1"/></method><method name="getLocale" desc="()Ljava/util/Locale;" line="85"><counter type="INSTRUCTION" missed="5" covered="4"/><counter type="BRANCH" missed="1" covered="1"/><counter type="LINE" missed="2" covered="2"/><counter type="COMPLEXITY" missed="1" covered="1"/><counter type="METHOD" missed="0" covered="1"/></method><method name="getLanguage" desc="()Ljava/lang/String;" line="96"><counter type="INSTRUCTION" missed="0" covered="3"/><counter type="LINE" missed="0" covered="1"/><counter type="COMPLEXITY" missed="0" covered="1"/><counter type="METHOD" missed="0" covered="1"/></method><method name="getBundleString" desc="(Ljava/lang/String;)Ljava/lang/String;" line="108"><counter type="INSTRUCTION" missed="0" covered="15"/><counter type="LINE" missed="0" covered="5"/><counter type="COMPLEXITY" missed="0" covered="1"/><counter type="METHOD" missed="0" covered="1"/></method><method name="getParameterizedBundleString" desc="(Ljava/lang/String;[Ljava/lang/Object;)Ljava/lang/String;" line="141"><counter type="INSTRUCTION" missed="2" covered="17"/><counter type="BRANCH" missed="1" covered="1"/><counter type="LINE" missed="0" covered="3"/><counter type="COMPLEXITY" missed="1" covered="1"/><counter type="METHOD" missed="0" covered="1"/></method><method name="removeCrLf" desc="(Ljava/lang/String;)Ljava/lang/String;" line="154"><counter type="INSTRUCTION" missed="10" covered="0"/><counter type="BRANCH" missed="2" covered="0"/><counter type="LINE" missed="3" covered="0"/><counter type="COMPLEXITY" missed="2" covered="0"/><counter type="METHOD" missed="1" covered="0"/></method><method name="&lt;clinit&gt;" desc="()V" line="42"><counter type="INSTRUCTION" missed="0" covered="7"/><counter type="LINE" missed="0" covered="5"/><counter type="COMPLEXITY" missed="0" covered="1"/><counter type="METHOD" missed="0" covered="1"/></method><counter type="INSTRUCTION" missed="17" covered="102"/><counter type="BRANCH" missed="5" covered="5"/><counter type="LINE" missed="5" covered="28"/><counter type="COMPLEXITY" missed="5" covered="7"/><counter type="METHOD" missed="1" covered="6"/><counter type="CLASS" missed="0" covered="1"/></class><sourcefile name="ComponentGaugeUtil.java"><line nr="38" mi="2" ci="0" mb="0" cb="0"/><line nr="39" mi="2" ci="0" mb="0" cb="0"/><line nr="47" mi="2" ci="0" mb="0" cb="0"/><line nr="48" mi="3" ci="0" mb="0" cb="0"/><line nr="49" mi="3" ci="0" mb="0" cb="0"/><line nr="50" mi="3" ci="0" mb="0" cb="0"/><line nr="51" mi="11" ci="0" mb="0" cb="0"/><line nr="52" mi="5" ci="0" mb="0" cb="0"/><line nr="53" mi="1" ci="0" mb="0" cb="0"/><line nr="63" mi="8" ci="0" mb="2" cb="0"/><line nr="64" mi="4" ci="0" mb="0" cb="0"/><line nr="65" mi="4" ci="0" mb="0" cb="0"/><line nr="66" mi="4" ci="0" mb="0" cb="0"/><line nr="68" mi="2" ci="0" mb="2" cb="0"/><line nr="69" mi="5" ci="0" mb="0" cb="0"/><line nr="71" mi="4" ci="0" mb="0" cb="0"/><line nr="72" mi="2" ci="0" mb="0" cb="0"/><counter type="INSTRUCTION" missed="65" covered="0"/><counter type="BRANCH" missed="4" covered="0"/><counter type="LINE" missed="17" covered="0"/><counter type="COMPLEXITY" missed="5" covered="0"/><counter type="METHOD" missed="3" covered="0"/><counter type="CLASS" missed="1" covered="0"/></sourcefile><sourcefile name="LocalizationHelper.java"><line nr="42" mi="0" ci="1" mb="0" cb="0"/><line nr="43" mi="0" ci="2" mb="0" cb="0"/><line nr="49" mi="0" ci="2" mb="0" cb="0"/><line nr="56" mi="0" ci="1" mb="0" cb="0"/><line nr="57" mi="0" ci="1" mb="0" cb="0"/><line nr="63" mi="0" ci="3" mb="0" cb="0"/><line nr="64" mi="0" ci="3" mb="0" cb="0"/><line nr="66" mi="0" ci="14" mb="0" cb="0"/><line nr="68" mi="0" ci="6" mb="1" cb="3"/><line nr="69" mi="0" ci="2" mb="0" cb="0"/><line nr="70" mi="0" ci="5" mb="0" cb="0"/><line nr="72" mi="0" ci="6" mb="0" cb="0"/><line nr="73" mi="0" ci="4" mb="0" cb="0"/><line nr="76" mi="0" ci="4" mb="0" cb="0"/><line nr="77" mi="0" ci="5" mb="0" cb="0"/><line nr="78" mi="0" ci="3" mb="0" cb="0"/><line nr="79" mi="0" ci="1" mb="0" cb="0"/><line nr="85" mi="0" ci="2" mb="1" cb="1"/><line nr="86" mi="3" ci="0" mb="0" cb="0"/><line nr="87" mi="2" ci="0" mb="0" cb="0"/><line nr="89" mi="0" ci="2" mb="0" cb="0"/><line nr="96" mi="0" ci="3" mb="0" cb="0"/><line nr="108" mi="0" ci="4" mb="0" cb="0"/><line nr="110" mi="0" ci="4" mb="0" cb="0"/><line nr="111" mi="0" ci="1" mb="0" cb="0"/><line nr="112" mi="0" ci="4" mb="0" cb="0"/><line nr="113" mi="0" ci="2" mb="0" cb="0"/><line nr="141" mi="2" ci="9" mb="1" cb="1"/><line nr="143" mi="0" ci="4" mb="0" cb="0"/><line nr="144" mi="0" ci="4" mb="0" cb="0"/><line nr="154" mi="3" ci="0" mb="2" cb="0"/><line nr="155" mi="5" ci="0" mb="0" cb="0"/><line nr="157" mi="2" ci="0" mb="0" cb="0"/><counter type="INSTRUCTION" missed="17" covered="102"/><counter type="BRANCH" missed="5" covered="5"/><counter type="LINE" missed="5" covered="28"/><counter type="COMPLEXITY" missed="5" covered="7"/><counter type="METHOD" missed="1" covered="6"/><counter type="CLASS" missed="0" covered="1"/></sourcefile><sourcefile name="Version.java"><line nr="20" mi="3" ci="0" mb="0" cb="0"/><counter type="INSTRUCTION" missed="3" covered="0"/><counter type="LINE" missed="1" covered="0"/><counter type="COMPLEXITY" missed="1" covered="0"/><counter type="METHOD" missed="1" covered="0"/><counter type="CLASS" missed="1" covered="0"/></sourcefile><counter type="INSTRUCTION" missed="85" covered="102"/><counter type="BRANCH" missed="9" covered="5"/><counter type="LINE" missed="23" covered="28"/><counter type="COMPLEXITY" missed="11" covered="7"/><counter type="METHOD" missed="5" covered="6"/><counter type="CLASS" missed="2" covered="1"/></package><package name="de/aikiit/fotorenamer/gui"><class name="de/aikiit/fotorenamer/gui/HelpWindow" sourcefilename="HelpWindow.java"><method name="&lt;init&gt;" desc="()V" line="48"><counter type="INSTRUCTION" missed="9" covered="0"/><counter type="LINE" missed="4" covered="0"/><counter type="COMPLEXITY" missed="1" covered="0"/><counter type="METHOD" missed="1" covered="0"/></method><method name="init" desc="()V" line="68"><counter type="INSTRUCTION" missed="100" covered="0"/><counter type="LINE" missed="23" covered="0"/><counter type="COMPLEXITY" missed="1" covered="0"/><counter type="METHOD" missed="1" covered="0"/></method><method name="loadHelpContents" desc="(Ljavax/swing/JPanel;Ljavax/swing/JEditorPane;)V" line="114"><counter type="INSTRUCTION" missed="65" covered="0"/><counter type="BRANCH" missed="2" covered="0"/><counter type="LINE" missed="11" covered="0"/><counter type="COMPLEXITY" missed="2" covered="0"/><counter type="METHOD" missed="1" covered="0"/></method><method name="actionPerformed" desc="(Ljava/awt/event/ActionEvent;)V" line="136"><counter type="INSTRUCTION" missed="13" covered="0"/><counter type="BRANCH" missed="2" covered="0"/><counter type="LINE" missed="4" covered="0"/><counter type="COMPLEXITY" missed="2" covered="0"/><counter type="METHOD" missed="1" covered="0"/></method><method name="lambda$init$0" desc="()V" line="99"><counter type="INSTRUCTION" missed="10" covered="0"/><counter type="LINE" missed="3" covered="0"/><counter type="COMPLEXITY" missed="1" covered="0"/><counter type="METHOD" missed="1" covered="0"/></method><method name="&lt;clinit&gt;" desc="()V" line="43"><counter type="INSTRUCTION" missed="15" covered="0"/><counter type="LINE" missed="2" covered="0"/><counter type="COMPLEXITY" missed="1" covered="0"/><counter type="METHOD" missed="1" covered="0"/></method><counter type="INSTRUCTION" missed="212" covered="0"/><counter type="BRANCH" missed="4" covered="0"/><counter type="LINE" missed="47" covered="0"/><counter type="COMPLEXITY" missed="8" covered="0"/><counter type="METHOD" missed="6" covered="0"/><counter type="CLASS" missed="1" covered="0"/></class><class name="de/aikiit/fotorenamer/gui/MainUIWindow$1" sourcefilename="MainUIWindow.java"><method name="&lt;init&gt;" desc="(Lde/aikiit/fotorenamer/gui/MainUIWindow;Ljava/lang/Object;)V" line="190"><counter type="INSTRUCTION" missed="9" covered="0"/><counter type="LINE" missed="1" covered="0"/><counter type="COMPLEXITY" missed="1" covered="0"/><counter type="METHOD" missed="1" covered="0"/></method><method name="doInBackground" desc="()Ljava/lang/Void;" line="193"><counter type="INSTRUCTION" missed="109" covered="0"/><counter type="BRANCH" missed="4" covered="0"/><counter type="LINE" missed="28" covered="0"/><counter type="COMPLEXITY" missed="3" covered="0"/><counter type="METHOD" missed="1" covered="0"/></method><method name="done" desc="()V" line="235"><counter type="INSTRUCTION" missed="26" covered="0"/><counter type="LINE" missed="6" covered="0"/><counter type="COMPLEXITY" missed="1" covered="0"/><counter type="METHOD" missed="1" covered="0"/></method><counter type="INSTRUCTION" missed="144" covered="0"/><counter type="BRANCH" missed="4" covered="0"/><counter type="LINE" missed="35" covered="0"/><counter type="COMPLEXITY" missed="5" covered="0"/><counter type="METHOD" missed="3" covered="0"/><counter type="CLASS" missed="1" covered="0"/></class><class name="de/aikiit/fotorenamer/gui/ImageDirectorySelector" sourcefilename="ImageDirectorySelector.java"><method name="&lt;init&gt;" desc="(Ljavax/swing/ImageIcon;)V" line="56"><counter type="INSTRUCTION" missed="14" covered="0"/><counter type="LINE" missed="6" covered="0"/><counter type="COMPLEXITY" missed="1" covered="0"/><counter type="METHOD" missed="1" covered="0"/></method><method name="setEnabled" desc="(Z)V" line="86"><counter type="INSTRUCTION" missed="9" covered="0"/><counter type="LINE" missed="3" covered="0"/><counter type="COMPLEXITY" missed="1" covered="0"/><counter type="METHOD" missed="1" covered="0"/></method><method name="isWaiting" desc="()Z" line="99"><counter type="INSTRUCTION" missed="4" covered="0"/><counter type="LINE" missed="1" covered="0"/><counter type="COMPLEXITY" missed="1" covered="0"/><counter type="METHOD" missed="1" covered="0"/></method><method name="init" desc="()V" line="106"><counter type="INSTRUCTION" missed="9" covered="0"/><counter type="LINE" missed="5" covered="0"/><counter type="COMPLEXITY" missed="1" covered="0"/><counter type="METHOD" missed="1" covered="0"/></method><method name="createBaseLayout" desc="()V" line="113"><counter type="INSTRUCTION" missed="112" covered="0"/><counter type="BRANCH" missed="2" covered="0"/><counter type="LINE" missed="27" covered="0"/><counter type="COMPLEXITY" missed="2" covered="0"/><counter type="METHOD" missed="1" covered="0"/></method><method name="initTextField" desc="()V" line="151"><counter type="INSTRUCTION" missed="6" covered="0"/><counter type="LINE" missed="2" covered="0"/><counter type="COMPLEXITY" missed="1" covered="0"/><counter type="METHOD" missed="1" covered="0"/></method><method name="makeTextFieldReactOnEnterOrCopyPasteFromMainUI" desc="()V" line="181"><counter type="INSTRUCTION" missed="8" covered="0"/><counter type="LINE" missed="2" covered="0"/><counter type="COMPLEXITY" missed="1" covered="0"/><counter type="METHOD" missed="1" covered="0"/></method><method name="makeTextFieldDragAndDropable" desc="()V" line="225"><counter type="INSTRUCTION" missed="8" covered="0"/><counter type="LINE" missed="2" covered="0"/><counter type="COMPLEXITY" missed="1" covered="0"/><counter type="METHOD" missed="1" covered="0"/></method><method name="showErrorPopup" desc="(Ljava/lang/String;Ljava/lang/String;)V" line="256"><counter type="INSTRUCTION" missed="6" covered="0"/><counter type="LINE" missed="2" covered="0"/><counter type="COMPLEXITY" missed="1" covered="0"/><counter type="METHOD" missed="1" covered="0"/></method><method name="getSelectedDirectory" desc="()Ljava/lang/String;" line="268"><counter type="INSTRUCTION" missed="23" covered="0"/><counter type="BRANCH" missed="2" covered="0"/><counter type="LINE" missed="6" covered="0"/><counter type="COMPLEXITY" missed="2" covered="0"/><counter type="METHOD" missed="1" covered="0"/></method><method name="lambda$initTextField$0" desc="(Ljava/awt/event/ActionEvent;)V" line="153"><counter type="INSTRUCTION" missed="53" covered="0"/><counter type="BRANCH" missed="4" covered="0"/><counter type="LINE" missed="15" covered="0"/><counter type="COMPLEXITY" missed="3" covered="0"/><counter type="METHOD" missed="1" covered="0"/></method><method name="&lt;clinit&gt;" desc="()V" line="50"><counter type="INSTRUCTION" missed="4" covered="0"/><counter type="LINE" missed="2" covered="0"/><counter type="COMPLEXITY" missed="1" covered="0"/><counter type="METHOD" missed="1" covered="0"/></method><counter type="INSTRUCTION" missed="256" covered="0"/><counter type="BRANCH" missed="8" covered="0"/><counter type="LINE" missed="73" covered="0"/><counter type="COMPLEXITY" missed="16" covered="0"/><counter type="METHOD" missed="12" covered="0"/><counter type="CLASS" missed="1" covered="0"/></class><class name="de/aikiit/fotorenamer/gui/ProgressBar" sourcefilename="ProgressBar.java"><method name="&lt;init&gt;" desc="(I)V" line="50"><counter type="INSTRUCTION" missed="21" covered="0"/><counter type="LINE" missed="7" covered="0"/><counter type="COMPLEXITY" missed="1" covered="0"/><counter type="METHOD" missed="1" covered="0"/></method><method name="init" desc="(I)V" line="86"><counter type="INSTRUCTION" missed="74" covered="0"/><counter type="BRANCH" missed="2" covered="0"/><counter type="LINE" missed="19" covered="0"/><counter type="COMPLEXITY" missed="2" covered="0"/><counter type="METHOD" missed="1" covered="0"/></method><method name="updateUI" desc="()V" line="119"><counter type="INSTRUCTION" missed="19" covered="0"/><counter type="LINE" missed="8" covered="0"/><counter type="COMPLEXITY" missed="1" covered="0"/><counter type="METHOD" missed="1" covered="0"/></method><method name="setProgress" desc="()V" line="137"><counter type="INSTRUCTION" missed="7" covered="0"/><counter type="LINE" missed="2" covered="0"/><counter type="COMPLEXITY" missed="1" covered="0"/><counter type="METHOD" missed="1" covered="0"/></method><method name="setText" desc="(Ljava/lang/String;)V" line="146"><counter type="INSTRUCTION" missed="5" covered="0"/><counter type="LINE" missed="2" covered="0"/><counter type="COMPLEXITY" missed="1" covered="0"/><counter type="METHOD" missed="1" covered="0"/></method><method name="getText" desc="()Ljava/lang/String;" line="155"><counter type="INSTRUCTION" missed="4" covered="0"/><counter type="LINE" missed="1" covered="0"/><counter type="COMPLEXITY" missed="1" covered="0"/><counter type="METHOD" missed="1" covered="0"/></method><method name="getProgress" desc="()I" line="164"><counter type="INSTRUCTION" missed="4" covered="0"/><counter type="LINE" missed="1" covered="0"/><counter type="COMPLEXITY" missed="1" covered="0"/><counter type="METHOD" missed="1" covered="0"/></method><method name="&lt;clinit&gt;" desc="()V" line="40"><counter type="INSTRUCTION" missed="4" covered="0"/><counter type="LINE" missed="1" covered="0"/><counter type="COMPLEXITY" missed="1" covered="0"/><counter type="METHOD" missed="1" covered="0"/></method><counter type="INSTRUCTION" missed="138" covered="0"/><counter type="BRANCH" missed="2" covered="0"/><counter type="LINE" missed="41" covered="0"/><counter type="COMPLEXITY" missed="9" covered="0"/><counter type="METHOD" missed="8" covered="0"/><counter type="CLASS" missed="1" covered="0"/></class><class name="de/aikiit/fotorenamer/gui/ImageDirectorySelector$1" sourcefilename="ImageDirectorySelector.java"><method name="&lt;init&gt;" desc="(Lde/aikiit/fotorenamer/gui/ImageDirectorySelector;)V" line="181"><counter type="INSTRUCTION" missed="6" covered="0"/><counter type="LINE" missed="1" covered="0"/><counter type="COMPLEXITY" missed="1" covered="0"/><counter type="METHOD" missed="1" covered="0"/></method><method name="keyPressed" desc="(Ljava/awt/event/KeyEvent;)V" line="184"><counter type="INSTRUCTION" missed="12" covered="0"/><counter type="BRANCH" missed="2" covered="0"/><counter type="LINE" missed="4" covered="0"/><counter type="COMPLEXITY" missed="2" covered="0"/><counter type="METHOD" missed="1" covered="0"/></method><counter type="INSTRUCTION" missed="18" covered="0"/><counter type="BRANCH" missed="2" covered="0"/><counter type="LINE" missed="5" covered="0"/><counter type="COMPLEXITY" missed="3" covered="0"/><counter type="METHOD" missed="2" covered="0"/><counter type="CLASS" missed="1" covered="0"/></class><class name="de/aikiit/fotorenamer/gui/MainUIWindow" sourcefilename="MainUIWindow.java"><method name="&lt;init&gt;" desc="()V" line="75"><counter type="INSTRUCTION" missed="24" covered="0"/><counter type="LINE" missed="9" covered="0"/><counter type="COMPLEXITY" missed="1" covered="0"/><counter type="METHOD" missed="1" covered="0"/></method><method name="build" desc="()V" line="105"><counter type="INSTRUCTION" missed="5" covered="0"/><counter type="LINE" missed="2" covered="0"/><counter type="COMPLEXITY" missed="1" covered="0"/><counter type="METHOD" missed="1" covered="0"/></method><method name="init" desc="()V" line="112"><counter type="INSTRUCTION" missed="214" covered="0"/><counter type="LINE" missed="37" covered="0"/><counter type="COMPLEXITY" missed="1" covered="0"/><counter type="METHOD" missed="1" covered="0"/></method><method name="actionPerformed" desc="(Ljava/awt/event/ActionEvent;)V" line="172"><counter type="INSTRUCTION" missed="75" covered="0"/><counter type="BRANCH" missed="10" covered="0"/><counter type="LINE" missed="17" covered="0"/><counter type="COMPLEXITY" missed="6" covered="0"/><counter type="METHOD" missed="1" covered="0"/></method><method name="showHelpWindow" desc="()V" line="254"><counter type="INSTRUCTION" missed="4" covered="0"/><counter type="LINE" missed="2" covered="0"/><counter type="COMPLEXITY" missed="1" covered="0"/><counter type="METHOD" missed="1" covered="0"/></method><method name="&lt;clinit&gt;" desc="()V" line="49"><counter type="INSTRUCTION" missed="48" covered="0"/><counter type="LINE" missed="7" covered="0"/><counter type="COMPLEXITY" missed="1" covered="0"/><counter type="METHOD" missed="1" covered="0"/></method><counter type="INSTRUCTION" missed="370" covered="0"/><counter type="BRANCH" missed="10" covered="0"/><counter type="LINE" missed="74" covered="0"/><counter type="COMPLEXITY" missed="11" covered="0"/><counter type="METHOD" missed="6" covered="0"/><counter type="CLASS" missed="1" covered="0"/></class><class name="de/aikiit/fotorenamer/gui/ImageDirectorySelector$1$1" sourcefilename="ImageDirectorySelector.java"><method name="&lt;init&gt;" desc="(Lde/aikiit/fotorenamer/gui/ImageDirectorySelector$1;)V" line="186"><counter type="INSTRUCTION" missed="6" covered="0"/><counter type="LINE" missed="1" covered="0"/><counter type="COMPLEXITY" missed="1" covered="0"/><counter type="METHOD" missed="1" covered="0"/></method><method name="doInBackground" desc="()Ljava/lang/Void;" line="189"><counter type="INSTRUCTION" missed="74" covered="0"/><counter type="BRANCH" missed="2" covered="0"/><counter type="LINE" missed="14" covered="0"/><counter type="COMPLEXITY" missed="2" covered="0"/><counter type="METHOD" missed="1" covered="0"/></method><method name="done" desc="()V" line="212"><counter type="INSTRUCTION" missed="4" covered="0"/><counter type="LINE" missed="2" covered="0"/><counter type="COMPLEXITY" missed="1" covered="0"/><counter type="METHOD" missed="1" covered="0"/></method><counter type="INSTRUCTION" missed="84" covered="0"/><counter type="BRANCH" missed="2" covered="0"/><counter type="LINE" missed="17" covered="0"/><counter type="COMPLEXITY" missed="4" covered="0"/><counter type="METHOD" missed="3" covered="0"/><counter type="CLASS" missed="1" covered="0"/></class><class name="de/aikiit/fotorenamer/gui/ImageDirectorySelector$2" sourcefilename="ImageDirectorySelector.java"><method name="&lt;init&gt;" desc="(Lde/aikiit/fotorenamer/gui/ImageDirectorySelector;)V" line="225"><counter type="INSTRUCTION" missed="6" covered="0"/><counter type="LINE" missed="1" covered="0"/><counter type="COMPLEXITY" missed="1" covered="0"/><counter type="METHOD" missed="1" covered="0"/></method><method name="drop" desc="(Ljava/awt/dnd/DropTargetDropEvent;)V" line="228"><counter type="INSTRUCTION" missed="54" covered="0"/><counter type="BRANCH" missed="8" covered="0"/><counter type="LINE" missed="17" covered="0"/><counter type="COMPLEXITY" missed="5" covered="0"/><counter type="METHOD" missed="1" covered="0"/></method><counter type="INSTRUCTION" missed="60" covered="0"/><counter type="BRANCH" missed="8" covered="0"/><counter type="LINE" missed="18" covered="0"/><counter type="COMPLEXITY" missed="6" covered="0"/><counter type="METHOD" missed="2" covered="0"/><counter type="CLASS" missed="1" covered="0"/></class><sourcefile name="MainUIWindow.java"><line nr="49" mi="1" ci="0" mb="0" cb="0"/><line nr="50" mi="2" ci="0" mb="0" cb="0"/><line nr="55" mi="10" ci="0" mb="0" cb="0"/><line nr="56" mi="5" ci="0" mb="0" cb="0"/><line nr="57" mi="12" ci="0" mb="0" cb="0"/><line nr="65" mi="13" ci="0" mb="0" cb="0"/><line nr="71" mi="5" ci="0" mb="0" cb="0"/><line nr="75" mi="3" ci="0" mb="0" cb="0"/><line nr="79" mi="3" ci="0" mb="0" cb="0"/><line nr="83" mi="3" ci="0" mb="0" cb="0"/><line nr="87" mi="3" ci="0" mb="0" cb="0"/><line nr="91" mi="3" ci="0" mb="0" cb="0"/><line nr="95" mi="3" ci="0" mb="0" cb="0"/><line nr="97" mi="2" ci="0" mb="0" cb="0"/><line nr="98" mi="3" ci="0" mb="0" cb="0"/><line nr="99" mi="1" ci="0" mb="0" cb="0"/><line nr="105" mi="4" ci="0" mb="0" cb="0"/><line nr="106" mi="1" ci="0" mb="0" cb="0"/><line nr="112" mi="10" ci="0" mb="0" cb="0"/><line nr="113" mi="12" ci="0" mb="0" cb="0"/><line nr="114" mi="14" ci="0" mb="0" cb="0"/><line nr="116" mi="10" ci="0" mb="0" cb="0"/><line nr="117" mi="6" ci="0" mb="0" cb="0"/><line nr="118" mi="3" ci="0" mb="0" cb="0"/><line nr="121" mi="7" ci="0" mb="0" cb="0"/><line nr="122" mi="4" ci="0" mb="0" cb="0"/><line nr="123" mi="3" ci="0" mb="0" cb="0"/><line nr="124" mi="5" ci="0" mb="0" cb="0"/><line nr="127" mi="7" ci="0" mb="0" cb="0"/><line nr="128" mi="7" ci="0" mb="0" cb="0"/><line nr="129" mi="4" ci="0" mb="0" cb="0"/><line nr="130" mi="7" ci="0" mb="0" cb="0"/><line nr="131" mi="5" ci="0" mb="0" cb="0"/><line nr="134" mi="7" ci="0" mb="0" cb="0"/><line nr="135" mi="4" ci="0" mb="0" cb="0"/><line nr="136" mi="7" ci="0" mb="0" cb="0"/><line nr="137" mi="5" ci="0" mb="0" cb="0"/><line nr="140" mi="7" ci="0" mb="0" cb="0"/><line nr="141" mi="4" ci="0" mb="0" cb="0"/><line nr="142" mi="7" ci="0" mb="0" cb="0"/><line nr="143" mi="5" ci="0" mb="0" cb="0"/><line nr="146" mi="7" ci="0" mb="0" cb="0"/><line nr="147" mi="4" ci="0" mb="0" cb="0"/><line nr="148" mi="7" ci="0" mb="0" cb="0"/><line nr="149" mi="5" ci="0" mb="0" cb="0"/><line nr="152" mi="7" ci="0" mb="0" cb="0"/><line nr="153" mi="4" ci="0" mb="0" cb="0"/><line nr="154" mi="7" ci="0" mb="0" cb="0"/><line nr="155" mi="5" ci="0" mb="0" cb="0"/><line nr="157" mi="5" ci="0" mb="0" cb="0"/><line nr="158" mi="5" ci="0" mb="0" cb="0"/><line nr="159" mi="2" ci="0" mb="0" cb="0"/><line nr="160" mi="2" ci="0" mb="0" cb="0"/><line nr="161" mi="3" ci="0" mb="0" cb="0"/><line nr="162" mi="1" ci="0" mb="0" cb="0"/><line nr="172" mi="3" ci="0" mb="0" cb="0"/><line nr="174" mi="5" ci="0" mb="2" cb="0"/><line nr="175" mi="3" ci="0" mb="0" cb="0"/><line nr="176" mi="3" ci="0" mb="0" cb="0"/><line nr="177" mi="5" ci="0" mb="2" cb="0"/><line nr="178" mi="3" ci="0" mb="0" cb="0"/><line nr="179" mi="2" ci="0" mb="0" cb="0"/><line nr="180" mi="5" ci="0" mb="2" cb="0"/><line nr="182" mi="19" ci="0" mb="0" cb="0"/><line nr="183" mi="2" ci="0" mb="0" cb="0"/><line nr="184" mi="2" ci="0" mb="0" cb="0"/><line nr="185" mi="2" ci="0" mb="0" cb="0"/><line nr="187" mi="2" ci="0" mb="0" cb="0"/><line nr="189" mi="10" ci="0" mb="4" cb="0"/><line nr="190" mi="15" ci="0" mb="0" cb="0"/><line nr="193" mi="5" ci="0" mb="2" cb="0"/><line nr="194" mi="3" ci="0" mb="0" cb="0"/><line nr="195" mi="2" ci="0" mb="0" cb="0"/><line nr="196" mi="2" ci="0" mb="0" cb="0"/><line nr="198" mi="2" ci="0" mb="0" cb="0"/><line nr="203" mi="7" ci="0" mb="2" cb="0"/><line nr="204" mi="5" ci="0" mb="0" cb="0"/><line nr="205" mi="6" ci="0" mb="0" cb="0"/><line nr="206" mi="4" ci="0" mb="0" cb="0"/><line nr="208" mi="4" ci="0" mb="0" cb="0"/><line nr="210" mi="5" ci="0" mb="0" cb="0"/><line nr="211" mi="1" ci="0" mb="0" cb="0"/><line nr="212" mi="5" ci="0" mb="0" cb="0"/><line nr="213" mi="6" ci="0" mb="0" cb="0"/><line nr="214" mi="4" ci="0" mb="0" cb="0"/><line nr="215" mi="4" ci="0" mb="0" cb="0"/><line nr="217" mi="1" ci="0" mb="0" cb="0"/><line nr="218" mi="5" ci="0" mb="0" cb="0"/><line nr="219" mi="8" ci="0" mb="0" cb="0"/><line nr="220" mi="4" ci="0" mb="0" cb="0"/><line nr="221" mi="2" ci="0" mb="0" cb="0"/><line nr="223" mi="1" ci="0" mb="0" cb="0"/><line nr="224" mi="5" ci="0" mb="0" cb="0"/><line nr="225" mi="8" ci="0" mb="0" cb="0"/><line nr="226" mi="4" ci="0" mb="0" cb="0"/><line nr="227" mi="2" ci="0" mb="0" cb="0"/><line nr="229" mi="2" ci="0" mb="0" cb="0"/><line nr="230" mi="2" ci="0" mb="0" cb="0"/><line nr="235" mi="3" ci="0" mb="0" cb="0"/><line nr="237" mi="5" ci="0" mb="0" cb="0"/><line nr="238" mi="6" ci="0" mb="0" cb="0"/><line nr="239" mi="5" ci="0" mb="0" cb="0"/><line nr="240" mi="6" ci="0" mb="0" cb="0"/><line nr="241" mi="1" ci="0" mb="0" cb="0"/><line nr="244" mi="2" ci="0" mb="0" cb="0"/><line nr="246" mi="1" ci="0" mb="0" cb="0"/><line nr="254" mi="3" ci="0" mb="0" cb="0"/><line nr="255" mi="1" ci="0" mb="0" cb="0"/><counter type="INSTRUCTION" missed="514" covered="0"/><counter type="BRANCH" missed="14" covered="0"/><counter type="LINE" missed="108" covered="0"/><counter type="COMPLEXITY" missed="16" covered="0"/><counter type="METHOD" missed="9" covered="0"/><counter type="CLASS" missed="2" covered="0"/></sourcefile><sourcefile name="ProgressBar.java"><line nr="40" mi="4" ci="0" mb="0" cb="0"/><line nr="50" mi="3" ci="0" mb="0" cb="0"/><line nr="54" mi="3" ci="0" mb="0" cb="0"/><line nr="61" mi="3" ci="0" mb="0" cb="0"/><line nr="73" mi="2" ci="0" mb="0" cb="0"/><line nr="74" mi="6" ci="0" mb="0" cb="0"/><line nr="75" mi="3" ci="0" mb="0" cb="0"/><line nr="76" mi="1" ci="0" mb="0" cb="0"/><line nr="86" mi="3" ci="0" mb="0" cb="0"/><line nr="87" mi="1" ci="0" mb="0" cb="0"/><line nr="89" mi="3" ci="0" mb="0" cb="0"/><line nr="90" mi="7" ci="0" mb="0" cb="0"/><line nr="92" mi="3" ci="0" mb="0" cb="0"/><line nr="93" mi="3" ci="0" mb="0" cb="0"/><line nr="95" mi="5" ci="0" mb="0" cb="0"/><line nr="96" mi="4" ci="0" mb="0" cb="0"/><line nr="97" mi="4" ci="0" mb="0" cb="0"/><line nr="101" mi="4" ci="0" mb="2" cb="0"/><line nr="102" mi="4" ci="0" mb="0" cb="0"/><line nr="104" mi="8" ci="0" mb="0" cb="0"/><line nr="105" mi="5" ci="0" mb="0" cb="0"/><line nr="106" mi="6" ci="0" mb="0" cb="0"/><line nr="107" mi="6" ci="0" mb="0" cb="0"/><line nr="108" mi="2" ci="0" mb="0" cb="0"/><line nr="109" mi="2" ci="0" mb="0" cb="0"/><line nr="110" mi="3" ci="0" mb="0" cb="0"/><line nr="111" mi="1" ci="0" mb="0" cb="0"/><line nr="119" mi="2" ci="0" mb="0" cb="0"/><line nr="120" mi="2" ci="0" mb="0" cb="0"/><line nr="125" mi="5" ci="0" mb="0" cb="0"/><line nr="126" mi="1" ci="0" mb="0" cb="0"/><line nr="127" mi="2" ci="0" mb="0" cb="0"/><line nr="128" mi="5" ci="0" mb="0" cb="0"/><line nr="129" mi="1" ci="0" mb="0" cb="0"/><line nr="130" mi="1" ci="0" mb="0" cb="0"/><line nr="137" mi="6" ci="0" mb="0" cb="0"/><line nr="138" mi="1" ci="0" mb="0" cb="0"/><line nr="146" mi="4" ci="0" mb="0" cb="0"/><line nr="147" mi="1" ci="0" mb="0" cb="0"/><line nr="155" mi="4" ci="0" mb="0" cb="0"/><line nr="164" mi="4" ci="0" mb="0" cb="0"/><counter type="INSTRUCTION" missed="138" covered="0"/><counter type="BRANCH" missed="2" covered="0"/><counter type="LINE" missed="41" covered="0"/><counter type="COMPLEXITY" missed="9" covered="0"/><counter type="METHOD" missed="8" covered="0"/><counter type="CLASS" missed="1" covered="0"/></sourcefile><sourcefile name="HelpWindow.java"><line nr="43" mi="3" ci="0" mb="0" cb="0"/><line nr="48" mi="3" ci="0" mb="0" cb="0"/><line nr="53" mi="12" ci="0" mb="0" cb="0"/><line nr="60" mi="2" ci="0" mb="0" cb="0"/><line nr="61" mi="3" ci="0" mb="0" cb="0"/><line nr="62" mi="1" ci="0" mb="0" cb="0"/><line nr="68" mi="4" ci="0" mb="0" cb="0"/><line nr="70" mi="3" ci="0" mb="0" cb="0"/><line nr="71" mi="7" ci="0" mb="0" cb="0"/><line nr="72" mi="7" ci="0" mb="0" cb="0"/><line nr="74" mi="4" ci="0" mb="0" cb="0"/><line nr="75" mi="3" ci="0" mb="0" cb="0"/><line nr="76" mi="3" ci="0" mb="0" cb="0"/><line nr="77" mi="4" ci="0" mb="0" cb="0"/><line nr="79" mi="5" ci="0" mb="0" cb="0"/><line nr="80" mi="7" ci="0" mb="0" cb="0"/><line nr="81" mi="3" ci="0" mb="0" cb="0"/><line nr="84" mi="7" ci="0" mb="0" cb="0"/><line nr="86" mi="4" ci="0" mb="0" cb="0"/><line nr="87" mi="7" ci="0" mb="0" cb="0"/><line nr="88" mi="5" ci="0" mb="0" cb="0"/><line nr="90" mi="6" ci="0" mb="0" cb="0"/><line nr="91" mi="5" ci="0" mb="0" cb="0"/><line nr="92" mi="5" ci="0" mb="0" cb="0"/><line nr="94" mi="2" ci="0" mb="0" cb="0"/><line nr="95" mi="2" ci="0" mb="0" cb="0"/><line nr="98" mi="3" ci="0" mb="0" cb="0"/><line nr="99" mi="5" ci="0" mb="0" cb="0"/><line nr="100" mi="4" ci="0" mb="0" cb="0"/><line nr="101" mi="1" ci="0" mb="0" cb="0"/><line nr="103" mi="3" ci="0" mb="0" cb="0"/><line nr="104" mi="1" ci="0" mb="0" cb="0"/><line nr="114" mi="2" ci="0" mb="0" cb="0"/><line nr="116" mi="4" ci="0" mb="2" cb="0"/><line nr="117" mi="10" ci="0" mb="0" cb="0"/><line nr="119" mi="9" ci="0" mb="0" cb="0"/><line nr="122" mi="5" ci="0" mb="0" cb="0"/><line nr="123" mi="4" ci="0" mb="0" cb="0"/><line nr="124" mi="1" ci="0" mb="0" cb="0"/><line nr="125" mi="7" ci="0" mb="0" cb="0"/><line nr="126" mi="21" ci="0" mb="0" cb="0"/><line nr="127" mi="1" ci="0" mb="0" cb="0"/><line nr="128" mi="1" ci="0" mb="0" cb="0"/><line nr="136" mi="6" ci="0" mb="2" cb="0"/><line nr="137" mi="3" ci="0" mb="0" cb="0"/><line nr="138" mi="3" ci="0" mb="0" cb="0"/><line nr="140" mi="1" ci="0" mb="0" cb="0"/><counter type="INSTRUCTION" missed="212" covered="0"/><counter type="BRANCH" missed="4" covered="0"/><counter type="LINE" missed="47" covered="0"/><counter type="COMPLEXITY" missed="8" covered="0"/><counter type="METHOD" missed="6" covered="0"/><counter type="CLASS" missed="1" covered="0"/></sourcefile><sourcefile name="ImageDirectorySelector.java"><line nr="50" mi="2" ci="0" mb="0" cb="0"/><line nr="51" mi="2" ci="0" mb="0" cb="0"/><line nr="56" mi="3" ci="0" mb="0" cb="0"/><line nr="60" mi="3" ci="0" mb="0" cb="0"/><line nr="74" mi="2" ci="0" mb="0" cb="0"/><line nr="75" mi="3" ci="0" mb="0" cb="0"/><line nr="76" mi="2" ci="0" mb="0" cb="0"/><line nr="77" mi="1" ci="0" mb="0" cb="0"/><line nr="86" mi="4" ci="0" mb="0" cb="0"/><line nr="87" mi="4" ci="0" mb="0" cb="0"/><line nr="88" mi="1" ci="0" mb="0" cb="0"/><line nr="99" mi="4" ci="0" mb="0" cb="0"/><line nr="106" mi="2" ci="0" mb="0" cb="0"/><line nr="107" mi="2" ci="0" mb="0" cb="0"/><line nr="108" mi="2" ci="0" mb="0" cb="0"/><line nr="109" mi="2" ci="0" mb="0" cb="0"/><line nr="110" mi="1" ci="0" mb="0" cb="0"/><line nr="113" mi="4" ci="0" mb="0" cb="0"/><line nr="114" mi="4" ci="0" mb="0" cb="0"/><line nr="115" mi="9" ci="0" mb="0" cb="0"/><line nr="116" mi="3" ci="0" mb="0" cb="0"/><line nr="119" mi="3" ci="0" mb="0" cb="0"/><line nr="120" mi="3" ci="0" mb="0" cb="0"/><line nr="121" mi="3" ci="0" mb="0" cb="0"/><line nr="122" mi="3" ci="0" mb="0" cb="0"/><line nr="123" mi="3" ci="0" mb="0" cb="0"/><line nr="124" mi="6" ci="0" mb="0" cb="0"/><line nr="125" mi="5" ci="0" mb="0" cb="0"/><line nr="126" mi="5" ci="0" mb="0" cb="0"/><line nr="129" mi="3" ci="0" mb="0" cb="0"/><line nr="130" mi="3" ci="0" mb="0" cb="0"/><line nr="131" mi="3" ci="0" mb="0" cb="0"/><line nr="132" mi="3" ci="0" mb="0" cb="0"/><line nr="133" mi="3" ci="0" mb="0" cb="0"/><line nr="136" mi="4" ci="0" mb="2" cb="0"/><line nr="137" mi="3" ci="0" mb="0" cb="0"/><line nr="138" mi="3" ci="0" mb="0" cb="0"/><line nr="140" mi="3" ci="0" mb="0" cb="0"/><line nr="141" mi="5" ci="0" mb="0" cb="0"/><line nr="143" mi="7" ci="0" mb="0" cb="0"/><line nr="144" mi="10" ci="0" mb="0" cb="0"/><line nr="145" mi="5" ci="0" mb="0" cb="0"/><line nr="146" mi="5" ci="0" mb="0" cb="0"/><line nr="147" mi="1" ci="0" mb="0" cb="0"/><line nr="151" mi="5" ci="0" mb="0" cb="0"/><line nr="153" mi="3" ci="0" mb="0" cb="0"/><line nr="154" mi="10" ci="0" mb="2" cb="0"/><line nr="156" mi="3" ci="0" mb="0" cb="0"/><line nr="157" mi="3" ci="0" mb="0" cb="0"/><line nr="158" mi="1" ci="0" mb="0" cb="0"/><line nr="160" mi="4" ci="0" mb="0" cb="0"/><line nr="163" mi="4" ci="0" mb="2" cb="0"/><line nr="168" mi="4" ci="0" mb="0" cb="0"/><line nr="169" mi="2" ci="0" mb="0" cb="0"/><line nr="170" mi="1" ci="0" mb="0" cb="0"/><line nr="171" mi="9" ci="0" mb="0" cb="0"/><line nr="172" mi="3" ci="0" mb="0" cb="0"/><line nr="173" mi="4" ci="0" mb="0" cb="0"/><line nr="174" mi="1" ci="0" mb="0" cb="0"/><line nr="176" mi="1" ci="0" mb="0" cb="0"/><line nr="177" mi="1" ci="0" mb="0" cb="0"/><line nr="181" mi="13" ci="0" mb="0" cb="0"/><line nr="184" mi="4" ci="0" mb="2" cb="0"/><line nr="186" mi="11" ci="0" mb="0" cb="0"/><line nr="189" mi="5" ci="0" mb="2" cb="0"/><line nr="190" mi="8" ci="0" mb="0" cb="0"/><line nr="191" mi="2" ci="0" mb="0" cb="0"/><line nr="196" mi="5" ci="0" mb="0" cb="0"/><line nr="197" mi="3" ci="0" mb="0" cb="0"/><line nr="198" mi="5" ci="0" mb="0" cb="0"/><line nr="199" mi="1" ci="0" mb="0" cb="0"/><line nr="200" mi="5" ci="0" mb="0" cb="0"/><line nr="201" mi="15" ci="0" mb="0" cb="0"/><line nr="202" mi="1" ci="0" mb="0" cb="0"/><line nr="203" mi="5" ci="0" mb="0" cb="0"/><line nr="204" mi="15" ci="0" mb="0" cb="0"/><line nr="205" mi="2" ci="0" mb="0" cb="0"/><line nr="206" mi="2" ci="0" mb="0" cb="0"/><line nr="212" mi="3" ci="0" mb="0" cb="0"/><line nr="213" mi="1" ci="0" mb="0" cb="0"/><line nr="216" mi="2" ci="0" mb="0" cb="0"/><line nr="218" mi="1" ci="0" mb="0" cb="0"/><line nr="221" mi="1" ci="0" mb="0" cb="0"/><line nr="225" mi="13" ci="0" mb="0" cb="0"/><line nr="228" mi="3" ci="0" mb="0" cb="0"/><line nr="229" mi="1" ci="0" mb="0" cb="0"/><line nr="230" mi="4" ci="0" mb="0" cb="0"/><line nr="233" mi="3" ci="0" mb="2" cb="0"/><line nr="235" mi="3" ci="0" mb="0" cb="0"/><line nr="236" mi="3" ci="0" mb="2" cb="0"/><line nr="237" mi="10" ci="0" mb="2" cb="0"/><line nr="238" mi="3" ci="0" mb="2" cb="0"/><line nr="239" mi="3" ci="0" mb="0" cb="0"/><line nr="240" mi="7" ci="0" mb="0" cb="0"/><line nr="241" mi="5" ci="0" mb="0" cb="0"/><line nr="242" mi="1" ci="0" mb="0" cb="0"/><line nr="244" mi="1" ci="0" mb="0" cb="0"/><line nr="248" mi="1" ci="0" mb="0" cb="0"/><line nr="249" mi="4" ci="0" mb="0" cb="0"/><line nr="250" mi="1" ci="0" mb="0" cb="0"/><line nr="251" mi="1" ci="0" mb="0" cb="0"/><line nr="253" mi="1" ci="0" mb="0" cb="0"/><line nr="256" mi="5" ci="0" mb="0" cb="0"/><line nr="260" mi="1" ci="0" mb="0" cb="0"/><line nr="268" mi="5" ci="0" mb="0" cb="0"/><line nr="269" mi="3" ci="0" mb="2" cb="0"/><line nr="270" mi="6" ci="0" mb="0" cb="0"/><line nr="271" mi="3" ci="0" mb="0" cb="0"/><line nr="272" mi="4" ci="0" mb="0" cb="0"/><line nr="274" mi="2" ci="0" mb="0" cb="0"/><counter type="INSTRUCTION" missed="418" covered="0"/><counter type="BRANCH" missed="20" covered="0"/><counter type="LINE" missed="110" covered="0"/><counter type="COMPLEXITY" missed="29" covered="0"/><counter type="METHOD" missed="19" covered="0"/><counter type="CLASS" missed="4" covered="0"/></sourcefile><counter type="INSTRUCTION" missed="1282" covered="0"/><counter type="BRANCH" missed="40" covered="0"/><counter type="LINE" missed="306" covered="0"/><counter type="COMPLEXITY" missed="62" covered="0"/><counter type="METHOD" missed="42" covered="0"/><counter type="CLASS" missed="8" covered="0"/></package><counter type="INSTRUCTION" missed="1922" covered="356"/><counter type="BRANCH" missed="99" covered="19"/><counter type="LINE" missed="443" covered="82"/><counter type="COMPLEXITY" missed="117" covered="26"/><counter type="METHOD" missed="61" covered="22"/><counter type="CLASS" missed="12" covered="8"/></report>